<?xml version="1.0" encoding="UTF-8"?>
<!-- Generated by org.testng.reporters.JUnitReportReporter -->
<testsuite skipped="0" hostname="SAMs-MacBook-Pro.local" name="com.testRunnar.TestRunnar" tests="1" failures="0" timestamp="07 Mar 2021 13:56:15 GMT" time="46.196" errors="0">
  <testcase name="feature" time="46.196" classname="com.testRunnar.TestRunnar"/>
</testsuite> <!-- com.testRunnar.TestRunnar -->
